<?xml version="1.0" encoding="UTF-8"?>
<testsuite xmlns:xsi="http://www.w3.org/2001/XMLSchema-instance" xsi:noNamespaceSchemaLocation="https://maven.apache.org/surefire/maven-surefire-plugin/xsd/surefire-test-report.xsd" version="3.0.2" name="com.collabcrm.controller.UserControllerTest" time="0.36" tests="4" errors="0" skipped="0" failures="0">
  <properties>
[...]
</properties>
  <testcase name="getAllUsers" classname="com.collabcrm.controller.UserControllerTest" time="0.049">
    <system-out><![CDATA[2026-04-15T20:26:51.320+02:00  INFO 81020 --- [           main] t.c.s.AnnotationConfigContextLoaderUtils : Could not detect default configuration classes for test class [com.collabcrm.controller.UserControllerTest]: UserControllerTest does not declare any static, non-private, non-final, nested classes annotated with @Configuration.
2026-04-15T20:26:51.328+02:00  INFO 81020 --- [           main] .b.t.c.SpringBootTestContextBootstrapper : Found @SpringBootConfiguration com.collabcrm.CollabCrmApplication for test class com.collabcrm.controller.UserControllerTest

  .   ____          _            __ _ _
 /\\ / ___'_ __ _ _(_)_ __  __ _ \ \ \ \
( ( )\___ | '_ | '_| | '_ \/ _` | \ \ \ \
 \\/  ___)| |_)| | | | | || (_| |  ) ) ) )
  '  |____| .__|_| |_|_| |_\__, | / / / /
 =========|_|==============|___/=/_/_/_/

 :: Spring Boot ::                (v3.4.4)

2026-04-15T20:26:51.342+02:00  INFO 81020 --- [           main] c.c.controller.UserControllerTest        : Starting UserControllerTest using Java 25.0.2 with PID 81020 (started by simeon in /Users/simeon/Documents/Projects/minicrm/backend)
2026-04-15T20:26:51.342+02:00  INFO 81020 --- [           main] c.c.controller.UserControllerTest        : No active profile set, falling back to 1 default profile: "default"
2026-04-15T20:26:51.591+02:00  INFO 81020 --- [           main] o.s.b.t.m.w.SpringBootMockServletContext : Initializing Spring TestDispatcherServlet ''
2026-04-15T20:26:51.591+02:00  INFO 81020 --- [           main] o.s.t.web.servlet.TestDispatcherServlet  : Initializing Servlet ''
2026-04-15T20:26:51.591+02:00  INFO 81020 --- [           main] o.s.t.web.servlet.TestDispatcherServlet  : Completed initialization in 0 ms
2026-04-15T20:26:51.597+02:00  INFO 81020 --- [           main] c.c.controller.UserControllerTest        : Started UserControllerTest in 0.267 seconds (process running for 2.303)
]]></system-out>
  </testcase>
  <testcase name="createUserInvalidBody" classname="com.collabcrm.controller.UserControllerTest" time="0.023">
    <system-out><![CDATA[2026-04-15T20:26:51.671+02:00  WARN 81020 --- [           main] .w.s.m.s.DefaultHandlerExceptionResolver : Resolved [org.springframework.web.bind.MethodArgumentNotValidException: Validation failed for argument [0] in public com.collabcrm.model.User com.collabcrm.controller.UserController.create(com.collabcrm.model.User) with 3 errors: [Field error in object 'user' on field 'email': rejected value [null]; codes [NotBlank.user.email,NotBlank.email,NotBlank.java.lang.String,NotBlank]; arguments [org.springframework.context.support.DefaultMessageSourceResolvable: codes [user.email,email]; arguments []; default message [email]]; default message [must not be blank]] [Field error in object 'user' on field 'username': rejected value [null]; codes [NotBlank.user.username,NotBlank.username,NotBlank.java.lang.String,NotBlank]; arguments [org.springframework.context.support.DefaultMessageSourceResolvable: codes [user.username,username]; arguments []; default message [username]]; default message [must not be blank]] [Field error in object 'user' on field 'role': rejected value [null]; codes [NotBlank.user.role,NotBlank.role,NotBlank.java.lang.String,NotBlank]; arguments [org.springframework.context.support.DefaultMessageSourceResolvable: codes [user.role,role]; arguments []; default message [role]]; default message [must not be blank]] ]
]]></system-out>
  </testcase>
  <testcase name="createUser" classname="com.collabcrm.controller.UserControllerTest" time="0.005"/>
  <testcase name="getUserById" classname="com.collabcrm.controller.UserControllerTest" time="0.002"/>
</testsuite>